<?xml version="1.0" encoding="UTF-8"?>
<!-- Generated by org.testng.reporters.JUnitReportReporter -->
<testsuite hostname="DESKTOP-IHDG9BJ" name="com.qa.tests.GetAPITests" tests="4" failures="0" timestamp="24 Jan 2021 14:17:22 GMT" time="0.805" errors="0">
  <testcase name="testByGeographicCoordinates" time="0.110" classname="com.qa.tests.GetAPITests"/>
  <testcase name="testByZipAndCountryCode" time="0.135" classname="com.qa.tests.GetAPITests"/>
  <testcase name="testByCityId" time="0.445" classname="com.qa.tests.GetAPITests"/>
  <testcase name="testByCityName" time="0.115" classname="com.qa.tests.GetAPITests"/>
</testsuite> <!-- com.qa.tests.GetAPITests -->
